<?xml version="1.0" encoding="UTF-8"?>
<!-- Generated by org.testng.reporters.JUnitXMLReporter -->
<testsuite hostname="MB-C02D13RBMD6T.local" ignored="0" name="Command line test" tests="4" failures="0" timestamp="2022-06-10T20:36:21 CDT" time="5.45" errors="0">
  <testcase name="tc001_verify_statusCode" time="2.42" classname="com.oracle.assessment.endpoints.MeasurementsTest"/>
  <testcase name="tc001_verify_statusCode" time="0.855" classname="com.oracle.assessment.endpoints.MeasurementsTest"/>
  <testcase name="tc002_verify_measurementByCity" time="1.435" classname="com.oracle.assessment.endpoints.MeasurementsTest"/>
  <testcase name="tc002_verify_measurementByCity" time="0.693" classname="com.oracle.assessment.endpoints.MeasurementsTest"/>
</testsuite> <!-- Command line test -->
